   ▲ Next.js 15.3.5
   - Local:        http://localhost:3000
   - Network:      http://0.0.0.0:3000

 ✓ Starting...
 ✓ Ready in 123ms
prisma:error 
Invalid `prisma.consultation.create()` invocation:


error: Environment variable not found: DATABASE_URL.
  -->  schema.prisma:13
   | 
12 |   provider = "postgresql"
13 |   url      = env("DATABASE_URL")
   | 

Validation Error Count: 1
Lead API error Error [PrismaClientInitializationError]: 
Invalid `prisma.consultation.create()` invocation:


error: Environment variable not found: DATABASE_URL.
  -->  schema.prisma:13
   | 
12 |   provider = "postgresql"
13 |   url      = env("DATABASE_URL")
   | 

Validation Error Count: 1
    at <unknown> (-->  schema.prisma:13)
    at async g (.next/server/app/api/lead/route.js:1:2159) {
  clientVersion: '6.19.0',
  errorCode: undefined,
  retryable: undefined
}
